<?xml version="1.0" encoding="UTF-8"?>
<!-- Generated by org.testng.reporters.JUnitReportReporter -->
<testsuite hostname="ROHITH" failures="0" tests="1" name="mavenapp.MAven_app.testing.AppTest" time="0.009" errors="0" timestamp="26 Sep 2023 15:53:01 GMT" skipped="0">
  <testcase classname="mavenapp.MAven_app.testing.AppTest" name="test" time="0.009"/>
</testsuite> <!-- mavenapp.MAven_app.testing.AppTest -->
